
> whiteslip-admin@0.1.0 start
> react-scripts start

(node:3543) [DEP0176] DeprecationWarning: fs.F_OK is deprecated, use fs.constants.F_OK instead
(Use `node --trace-deprecation ...` to show where the warning was created)
(node:3543) [DEP_WEBPACK_DEV_SERVER_ON_AFTER_SETUP_MIDDLEWARE] DeprecationWarning: 'onAfterSetupMiddleware' option is deprecated. Please use the 'setupMiddlewares' option.
(node:3543) [DEP_WEBPACK_DEV_SERVER_ON_BEFORE_SETUP_MIDDLEWARE] DeprecationWarning: 'onBeforeSetupMiddleware' option is deprecated. Please use the 'setupMiddlewares' option.
Starting the development server...

Compiled with warnings.

Failed to parse source map from '/Users/user/FishStore_Mem/whiteslip-admin/node_modules/@antv/g2-extension-plot/esm/src/index.ts' file: Error: ENOENT: no such file or directory, open '/Users/user/FishStore_Mem/whiteslip-admin/node_modules/@antv/g2-extension-plot/esm/src/index.ts'

Failed to parse source map from '/Users/user/FishStore_Mem/whiteslip-admin/node_modules/@antv/g2-extension-plot/esm/interaction/src/interaction/drillDown.ts' file: Error: ENOENT: no such file or directory, open '/Users/user/FishStore_Mem/whiteslip-admin/node_modules/@antv/g2-extension-plot/esm/interaction/src/interaction/drillDown.ts'

Failed to parse source map from '/Users/user/FishStore_Mem/whiteslip-admin/node_modules/@antv/g2-extension-plot/esm/interaction/src/interaction/index.ts' file: Error: ENOENT: no such file or directory, open '/Users/user/FishStore_Mem/whiteslip-admin/node_modules/@antv/g2-extension-plot/esm/interaction/src/interaction/index.ts'

Failed to parse source map from '/Users/user/FishStore_Mem/whiteslip-admin/node_modules/@antv/g2-extension-plot/esm/src/lib.ts' file: Error: ENOENT: no such file or directory, open '/Users/user/FishStore_Mem/whiteslip-admin/node_modules/@antv/g2-extension-plot/esm/src/lib.ts'

Failed to parse source map from '/Users/user/FishStore_Mem/whiteslip-admin/node_modules/@antv/g2-extension-plot/esm/mark/src/mark/index.ts' file: Error: ENOENT: no such file or directory, open '/Users/user/FishStore_Mem/whiteslip-admin/node_modules/@antv/g2-extension-plot/esm/mark/src/mark/index.ts'

Failed to parse source map from '/Users/user/FishStore_Mem/whiteslip-admin/node_modules/@antv/g2-extension-plot/esm/mark/src/mark/sunburst.ts' file: Error: ENOENT: no such file or directory, open '/Users/user/FishStore_Mem/whiteslip-admin/node_modules/@antv/g2-extension-plot/esm/mark/src/mark/sunburst.ts'

Failed to parse source map from '/Users/user/FishStore_Mem/whiteslip-admin/node_modules/@antv/g2-extension-plot/esm/utils/hierarchy/src/utils/hierarchy/partition.ts' file: Error: ENOENT: no such file or directory, open '/Users/user/FishStore_Mem/whiteslip-admin/node_modules/@antv/g2-extension-plot/esm/utils/hierarchy/src/utils/hierarchy/partition.ts'

Failed to parse source map from '/Users/user/FishStore_Mem/whiteslip-admin/node_modules/@antv/layout/src/antv-dagre.ts' file: Error: ENOENT: no such file or directory, open '/Users/user/FishStore_Mem/whiteslip-admin/node_modules/@antv/layout/src/antv-dagre.ts'

Failed to parse source map from '/Users/user/FishStore_Mem/whiteslip-admin/node_modules/@antv/layout/src/antv-dagre/acyclic.ts' file: Error: ENOENT: no such file or directory, open '/Users/user/FishStore_Mem/whiteslip-admin/node_modules/@antv/layout/src/antv-dagre/acyclic.ts'

Failed to parse source map from '/Users/user/FishStore_Mem/whiteslip-admin/node_modules/@antv/layout/src/antv-dagre/add-border-segments.ts' file: Error: ENOENT: no such file or directory, open '/Users/user/FishStore_Mem/whiteslip-admin/node_modules/@antv/layout/src/antv-dagre/add-border-segments.ts'

Failed to parse source map from '/Users/user/FishStore_Mem/whiteslip-admin/node_modules/@antv/layout/src/antv-dagre/coordinate-system.ts' file: Error: ENOENT: no such file or directory, open '/Users/user/FishStore_Mem/whiteslip-admin/node_modules/@antv/layout/src/antv-dagre/coordinate-system.ts'

Failed to parse source map from '/Users/user/FishStore_Mem/whiteslip-admin/node_modules/@antv/layout/src/antv-dagre/data/list.ts' file: Error: ENOENT: no such file or directory, open '/Users/user/FishStore_Mem/whiteslip-admin/node_modules/@antv/layout/src/antv-dagre/data/list.ts'

Failed to parse source map from '/Users/user/FishStore_Mem/whiteslip-admin/node_modules/@antv/layout/src/antv-dagre/greedy-fas.ts' file: Error: ENOENT: no such file or directory, open '/Users/user/FishStore_Mem/whiteslip-admin/node_modules/@antv/layout/src/antv-dagre/greedy-fas.ts'

Failed to parse source map from '/Users/user/FishStore_Mem/whiteslip-admin/node_modules/@antv/layout/src/antv-dagre/layout.ts' file: Error: ENOENT: no such file or directory, open '/Users/user/FishStore_Mem/whiteslip-admin/node_modules/@antv/layout/src/antv-dagre/layout.ts'

Failed to parse source map from '/Users/user/FishStore_Mem/whiteslip-admin/node_modules/@antv/layout/src/antv-dagre/nesting-graph.ts' file: Error: ENOENT: no such file or directory, open '/Users/user/FishStore_Mem/whiteslip-admin/node_modules/@antv/layout/src/antv-dagre/nesting-graph.ts'

Failed to parse source map from '/Users/user/FishStore_Mem/whiteslip-admin/node_modules/@antv/layout/src/antv-dagre/normalize.ts' file: Error: ENOENT: no such file or directory, open '/Users/user/FishStore_Mem/whiteslip-admin/node_modules/@antv/layout/src/antv-dagre/normalize.ts'

Failed to parse source map from '/Users/user/FishStore_Mem/whiteslip-admin/node_modules/@antv/layout/src/antv-dagre/order/add-subgraph-constraints.ts' file: Error: ENOENT: no such file or directory, open '/Users/user/FishStore_Mem/whiteslip-admin/node_modules/@antv/layout/src/antv-dagre/order/add-subgraph-constraints.ts'

Failed to parse source map from '/Users/user/FishStore_Mem/whiteslip-admin/node_modules/@antv/layout/src/antv-dagre/order/barycenter.ts' file: Error: ENOENT: no such file or directory, open '/Users/user/FishStore_Mem/whiteslip-admin/node_modules/@antv/layout/src/antv-dagre/order/barycenter.ts'

Failed to parse source map from '/Users/user/FishStore_Mem/whiteslip-admin/node_modules/@antv/layout/src/antv-dagre/order/build-layer-graph.ts' file: Error: ENOENT: no such file or directory, open '/Users/user/FishStore_Mem/whiteslip-admin/node_modules/@antv/layout/src/antv-dagre/order/build-layer-graph.ts'

Failed to parse source map from '/Users/user/FishStore_Mem/whiteslip-admin/node_modules/@antv/layout/src/antv-dagre/order/cross-count.ts' file: Error: ENOENT: no such file or directory, open '/Users/user/FishStore_Mem/whiteslip-admin/node_modules/@antv/layout/src/antv-dagre/order/cross-count.ts'

Failed to parse source map from '/Users/user/FishStore_Mem/whiteslip-admin/node_modules/@antv/layout/src/antv-dagre/order/index.ts' file: Error: ENOENT: no such file or directory, open '/Users/user/FishStore_Mem/whiteslip-admin/node_modules/@antv/layout/src/antv-dagre/order/index.ts'

Failed to parse source map from '/Users/user/FishStore_Mem/whiteslip-admin/node_modules/@antv/layout/src/antv-dagre/order/init-data-order.ts' file: Error: ENOENT: no such file or directory, open '/Users/user/FishStore_Mem/whiteslip-admin/node_modules/@antv/layout/src/antv-dagre/order/init-data-order.ts'

Failed to parse source map from '/Users/user/FishStore_Mem/whiteslip-admin/node_modules/@antv/layout/src/antv-dagre/order/init-order.ts' file: Error: ENOENT: no such file or directory, open '/Users/user/FishStore_Mem/whiteslip-admin/node_modules/@antv/layout/src/antv-dagre/order/init-order.ts'

Failed to parse source map from '/Users/user/FishStore_Mem/whiteslip-admin/node_modules/@antv/layout/src/antv-dagre/order/resolve-conflicts.ts' file: Error: ENOENT: no such file or directory, open '/Users/user/FishStore_Mem/whiteslip-admin/node_modules/@antv/layout/src/antv-dagre/order/resolve-conflicts.ts'

Failed to parse source map from '/Users/user/FishStore_Mem/whiteslip-admin/node_modules/@antv/layout/src/antv-dagre/order/sort-subgraph.ts' file: Error: ENOENT: no such file or directory, open '/Users/user/FishStore_Mem/whiteslip-admin/node_modules/@antv/layout/src/antv-dagre/order/sort-subgraph.ts'

Failed to parse source map from '/Users/user/FishStore_Mem/whiteslip-admin/node_modules/@antv/layout/src/antv-dagre/order/sort.ts' file: Error: ENOENT: no such file or directory, open '/Users/user/FishStore_Mem/whiteslip-admin/node_modules/@antv/layout/src/antv-dagre/order/sort.ts'

Failed to parse source map from '/Users/user/FishStore_Mem/whiteslip-admin/node_modules/@antv/layout/src/antv-dagre/parent-dummy-chains.ts' file: Error: ENOENT: no such file or directory, open '/Users/user/FishStore_Mem/whiteslip-admin/node_modules/@antv/layout/src/antv-dagre/parent-dummy-chains.ts'

Failed to parse source map from '/Users/user/FishStore_Mem/whiteslip-admin/node_modules/@antv/layout/src/antv-dagre/position/bk.ts' file: Error: ENOENT: no such file or directory, open '/Users/user/FishStore_Mem/whiteslip-admin/node_modules/@antv/layout/src/antv-dagre/position/bk.ts'

Failed to parse source map from '/Users/user/FishStore_Mem/whiteslip-admin/node_modules/@antv/layout/src/antv-dagre/position/index.ts' file: Error: ENOENT: no such file or directory, open '/Users/user/FishStore_Mem/whiteslip-admin/node_modules/@antv/layout/src/antv-dagre/position/index.ts'

Failed to parse source map from '/Users/user/FishStore_Mem/whiteslip-admin/node_modules/@antv/layout/src/antv-dagre/rank/feasible-tree.ts' file: Error: ENOENT: no such file or directory, open '/Users/user/FishStore_Mem/whiteslip-admin/node_modules/@antv/layout/src/antv-dagre/rank/feasible-tree.ts'

Failed to parse source map from '/Users/user/FishStore_Mem/whiteslip-admin/node_modules/@antv/layout/src/antv-dagre/rank/index.ts' file: Error: ENOENT: no such file or directory, open '/Users/user/FishStore_Mem/whiteslip-admin/node_modules/@antv/layout/src/antv-dagre/rank/index.ts'

Failed to parse source map from '/Users/user/FishStore_Mem/whiteslip-admin/node_modules/@antv/layout/src/antv-dagre/rank/network-simplex.ts' file: Error: ENOENT: no such file or directory, open '/Users/user/FishStore_Mem/whiteslip-admin/node_modules/@antv/layout/src/antv-dagre/rank/network-simplex.ts'

Failed to parse source map from '/Users/user/FishStore_Mem/whiteslip-admin/node_modules/@antv/layout/src/antv-dagre/rank/util.ts' file: Error: ENOENT: no such file or directory, open '/Users/user/FishStore_Mem/whiteslip-admin/node_modules/@antv/layout/src/antv-dagre/rank/util.ts'

Failed to parse source map from '/Users/user/FishStore_Mem/whiteslip-admin/node_modules/@antv/layout/src/antv-dagre/util.ts' file: Error: ENOENT: no such file or directory, open '/Users/user/FishStore_Mem/whiteslip-admin/node_modules/@antv/layout/src/antv-dagre/util.ts'

Failed to parse source map from '/Users/user/FishStore_Mem/whiteslip-admin/node_modules/@antv/layout/src/circular.ts' file: Error: ENOENT: no such file or directory, open '/Users/user/FishStore_Mem/whiteslip-admin/node_modules/@antv/layout/src/circular.ts'

Failed to parse source map from '/Users/user/FishStore_Mem/whiteslip-admin/node_modules/@antv/layout/src/combo-combined.ts' file: Error: ENOENT: no such file or directory, open '/Users/user/FishStore_Mem/whiteslip-admin/node_modules/@antv/layout/src/combo-combined.ts'

Failed to parse source map from '/Users/user/FishStore_Mem/whiteslip-admin/node_modules/@antv/layout/src/concentric.ts' file: Error: ENOENT: no such file or directory, open '/Users/user/FishStore_Mem/whiteslip-admin/node_modules/@antv/layout/src/concentric.ts'

Failed to parse source map from '/Users/user/FishStore_Mem/whiteslip-admin/node_modules/@antv/layout/src/dagre.ts' file: Error: ENOENT: no such file or directory, open '/Users/user/FishStore_Mem/whiteslip-admin/node_modules/@antv/layout/src/dagre.ts'

Failed to parse source map from '/Users/user/FishStore_Mem/whiteslip-admin/node_modules/@antv/layout/src/d3-force-3d/index.ts' file: Error: ENOENT: no such file or directory, open '/Users/user/FishStore_Mem/whiteslip-admin/node_modules/@antv/layout/src/d3-force-3d/index.ts'

Failed to parse source map from '/Users/user/FishStore_Mem/whiteslip-admin/node_modules/@antv/layout/src/d3-force/index.ts' file: Error: ENOENT: no such file or directory, open '/Users/user/FishStore_Mem/whiteslip-admin/node_modules/@antv/layout/src/d3-force/index.ts'

Failed to parse source map from '/Users/user/FishStore_Mem/whiteslip-admin/node_modules/@antv/layout/src/exports.ts' file: Error: ENOENT: no such file or directory, open '/Users/user/FishStore_Mem/whiteslip-admin/node_modules/@antv/layout/src/exports.ts'

Failed to parse source map from '/Users/user/FishStore_Mem/whiteslip-admin/node_modules/@antv/layout/src/force-atlas2/body.ts' file: Error: ENOENT: no such file or directory, open '/Users/user/FishStore_Mem/whiteslip-admin/node_modules/@antv/layout/src/force-atlas2/body.ts'

Failed to parse source map from '/Users/user/FishStore_Mem/whiteslip-admin/node_modules/@antv/layout/src/force-atlas2/index.ts' file: Error: ENOENT: no such file or directory, open '/Users/user/FishStore_Mem/whiteslip-admin/node_modules/@antv/layout/src/force-atlas2/index.ts'

Failed to parse source map from '/Users/user/FishStore_Mem/whiteslip-admin/node_modules/@antv/layout/src/force-atlas2/quad-tree.ts' file: Error: ENOENT: no such file or directory, open '/Users/user/FishStore_Mem/whiteslip-admin/node_modules/@antv/layout/src/force-atlas2/quad-tree.ts'

Failed to parse source map from '/Users/user/FishStore_Mem/whiteslip-admin/node_modules/@antv/layout/src/force-atlas2/quad.ts' file: Error: ENOENT: no such file or directory, open '/Users/user/FishStore_Mem/whiteslip-admin/node_modules/@antv/layout/src/force-atlas2/quad.ts'

Failed to parse source map from '/Users/user/FishStore_Mem/whiteslip-admin/node_modules/@antv/layout/src/force/force-n-body.ts' file: Error: ENOENT: no such file or directory, open '/Users/user/FishStore_Mem/whiteslip-admin/node_modules/@antv/layout/src/force/force-n-body.ts'

Failed to parse source map from '/Users/user/FishStore_Mem/whiteslip-admin/node_modules/@antv/layout/src/force/index.ts' file: Error: ENOENT: no such file or directory, open '/Users/user/FishStore_Mem/whiteslip-admin/node_modules/@antv/layout/src/force/index.ts'

Failed to parse source map from '/Users/user/FishStore_Mem/whiteslip-admin/node_modules/@antv/layout/src/fruchterman.ts' file: Error: ENOENT: no such file or directory, open '/Users/user/FishStore_Mem/whiteslip-admin/node_modules/@antv/layout/src/fruchterman.ts'

Failed to parse source map from '/Users/user/FishStore_Mem/whiteslip-admin/node_modules/@antv/layout/src/grid.ts' file: Error: ENOENT: no such file or directory, open '/Users/user/FishStore_Mem/whiteslip-admin/node_modules/@antv/layout/src/grid.ts'

Failed to parse source map from '/Users/user/FishStore_Mem/whiteslip-admin/node_modules/@antv/layout/src/index.ts' file: Error: ENOENT: no such file or directory, open '/Users/user/FishStore_Mem/whiteslip-admin/node_modules/@antv/layout/src/index.ts'

Failed to parse source map from '/Users/user/FishStore_Mem/whiteslip-admin/node_modules/@antv/layout/src/mds.ts' file: Error: ENOENT: no such file or directory, open '/Users/user/FishStore_Mem/whiteslip-admin/node_modules/@antv/layout/src/mds.ts'

Failed to parse source map from '/Users/user/FishStore_Mem/whiteslip-admin/node_modules/@antv/layout/src/radial/index.ts' file: Error: ENOENT: no such file or directory, open '/Users/user/FishStore_Mem/whiteslip-admin/node_modules/@antv/layout/src/radial/index.ts'

Failed to parse source map from '/Users/user/FishStore_Mem/whiteslip-admin/node_modules/@antv/layout/src/radial/mds.ts' file: Error: ENOENT: no such file or directory, open '/Users/user/FishStore_Mem/whiteslip-admin/node_modules/@antv/layout/src/radial/mds.ts'

Failed to parse source map from '/Users/user/FishStore_Mem/whiteslip-admin/node_modules/@antv/layout/src/radial/radial-nonoverlap-force.ts' file: Error: ENOENT: no such file or directory, open '/Users/user/FishStore_Mem/whiteslip-admin/node_modules/@antv/layout/src/radial/radial-nonoverlap-force.ts'

Failed to parse source map from '/Users/user/FishStore_Mem/whiteslip-admin/node_modules/@antv/layout/src/random.ts' file: Error: ENOENT: no such file or directory, open '/Users/user/FishStore_Mem/whiteslip-admin/node_modules/@antv/layout/src/random.ts'

Failed to parse source map from '/Users/user/FishStore_Mem/whiteslip-admin/node_modules/@antv/layout/src/registry.ts' file: Error: ENOENT: no such file or directory, open '/Users/user/FishStore_Mem/whiteslip-admin/node_modules/@antv/layout/src/registry.ts'

Failed to parse source map from '/Users/user/FishStore_Mem/whiteslip-admin/node_modules/@antv/layout/src/supervisor.ts' file: Error: ENOENT: no such file or directory, open '/Users/user/FishStore_Mem/whiteslip-admin/node_modules/@antv/layout/src/supervisor.ts'

Failed to parse source map from '/Users/user/FishStore_Mem/whiteslip-admin/node_modules/@antv/layout/src/types.ts' file: Error: ENOENT: no such file or directory, open '/Users/user/FishStore_Mem/whiteslip-admin/node_modules/@antv/layout/src/types.ts'

Failed to parse source map from '/Users/user/FishStore_Mem/whiteslip-admin/node_modules/@antv/layout/src/util/array.ts' file: Error: ENOENT: no such file or directory, open '/Users/user/FishStore_Mem/whiteslip-admin/node_modules/@antv/layout/src/util/array.ts'

Failed to parse source map from '/Users/user/FishStore_Mem/whiteslip-admin/node_modules/@antv/layout/src/util/common.ts' file: Error: ENOENT: no such file or directory, open '/Users/user/FishStore_Mem/whiteslip-admin/node_modules/@antv/layout/src/util/common.ts'

Failed to parse source map from '/Users/user/FishStore_Mem/whiteslip-admin/node_modules/@antv/layout/src/util/function.ts' file: Error: ENOENT: no such file or directory, open '/Users/user/FishStore_Mem/whiteslip-admin/node_modules/@antv/layout/src/util/function.ts'

Failed to parse source map from '/Users/user/FishStore_Mem/whiteslip-admin/node_modules/@antv/layout/src/util/index.ts' file: Error: ENOENT: no such file or directory, open '/Users/user/FishStore_Mem/whiteslip-admin/node_modules/@antv/layout/src/util/index.ts'

Failed to parse source map from '/Users/user/FishStore_Mem/whiteslip-admin/node_modules/@antv/layout/src/util/math.ts' file: Error: ENOENT: no such file or directory, open '/Users/user/FishStore_Mem/whiteslip-admin/node_modules/@antv/layout/src/util/math.ts'

Failed to parse source map from '/Users/user/FishStore_Mem/whiteslip-admin/node_modules/@antv/layout/src/util/object.ts' file: Error: ENOENT: no such file or directory, open '/Users/user/FishStore_Mem/whiteslip-admin/node_modules/@antv/layout/src/util/object.ts'

Failed to parse source map from '/Users/user/FishStore_Mem/whiteslip-admin/node_modules/@antv/layout/src/util/size.ts' file: Error: ENOENT: no such file or directory, open '/Users/user/FishStore_Mem/whiteslip-admin/node_modules/@antv/layout/src/util/size.ts'

Failed to parse source map from '/Users/user/FishStore_Mem/whiteslip-admin/node_modules/@antv/layout/src/worker.js' file: Error: ENOENT: no such file or directory, open '/Users/user/FishStore_Mem/whiteslip-admin/node_modules/@antv/layout/src/worker.js'

Failed to parse source map from '/Users/user/FishStore_Mem/whiteslip-admin/node_modules/@antv/scale/esm/src/index.ts' file: Error: ENOENT: no such file or directory, open '/Users/user/FishStore_Mem/whiteslip-admin/node_modules/@antv/scale/esm/src/index.ts'

Failed to parse source map from '/Users/user/FishStore_Mem/whiteslip-admin/node_modules/@antv/scale/esm/scales/src/scales/band.ts' file: Error: ENOENT: no such file or directory, open '/Users/user/FishStore_Mem/whiteslip-admin/node_modules/@antv/scale/esm/scales/src/scales/band.ts'

Failed to parse source map from '/Users/user/FishStore_Mem/whiteslip-admin/node_modules/@antv/scale/esm/scales/src/scales/base.ts' file: Error: ENOENT: no such file or directory, open '/Users/user/FishStore_Mem/whiteslip-admin/node_modules/@antv/scale/esm/scales/src/scales/base.ts'

Failed to parse source map from '/Users/user/FishStore_Mem/whiteslip-admin/node_modules/@antv/scale/esm/scales/src/scales/constant.ts' file: Error: ENOENT: no such file or directory, open '/Users/user/FishStore_Mem/whiteslip-admin/node_modules/@antv/scale/esm/scales/src/scales/constant.ts'

Failed to parse source map from '/Users/user/FishStore_Mem/whiteslip-admin/node_modules/@antv/scale/esm/scales/src/scales/continuous.ts' file: Error: ENOENT: no such file or directory, open '/Users/user/FishStore_Mem/whiteslip-admin/node_modules/@antv/scale/esm/scales/src/scales/continuous.ts'

Failed to parse source map from '/Users/user/FishStore_Mem/whiteslip-admin/node_modules/@antv/scale/esm/scales/src/scales/diverging.ts' file: Error: ENOENT: no such file or directory, open '/Users/user/FishStore_Mem/whiteslip-admin/node_modules/@antv/scale/esm/scales/src/scales/diverging.ts'

Failed to parse source map from '/Users/user/FishStore_Mem/whiteslip-admin/node_modules/@antv/scale/esm/scales/src/scales/identity.ts' file: Error: ENOENT: no such file or directory, open '/Users/user/FishStore_Mem/whiteslip-admin/node_modules/@antv/scale/esm/scales/src/scales/identity.ts'

Failed to parse source map from '/Users/user/FishStore_Mem/whiteslip-admin/node_modules/@antv/scale/esm/scales/src/scales/linear.ts' file: Error: ENOENT: no such file or directory, open '/Users/user/FishStore_Mem/whiteslip-admin/node_modules/@antv/scale/esm/scales/src/scales/linear.ts'

Failed to parse source map from '/Users/user/FishStore_Mem/whiteslip-admin/node_modules/@antv/scale/esm/scales/src/scales/log.ts' file: Error: ENOENT: no such file or directory, open '/Users/user/FishStore_Mem/whiteslip-admin/node_modules/@antv/scale/esm/scales/src/scales/log.ts'

Failed to parse source map from '/Users/user/FishStore_Mem/whiteslip-admin/node_modules/@antv/scale/esm/scales/src/scales/ordinal.ts' file: Error: ENOENT: no such file or directory, open '/Users/user/FishStore_Mem/whiteslip-admin/node_modules/@antv/scale/esm/scales/src/scales/ordinal.ts'

Failed to parse source map from '/Users/user/FishStore_Mem/whiteslip-admin/node_modules/@antv/scale/esm/scales/src/scales/point.ts' file: Error: ENOENT: no such file or directory, open '/Users/user/FishStore_Mem/whiteslip-admin/node_modules/@antv/scale/esm/scales/src/scales/point.ts'

Failed to parse source map from '/Users/user/FishStore_Mem/whiteslip-admin/node_modules/@antv/scale/esm/scales/src/scales/pow.ts' file: Error: ENOENT: no such file or directory, open '/Users/user/FishStore_Mem/whiteslip-admin/node_modules/@antv/scale/esm/scales/src/scales/pow.ts'

Failed to parse source map from '/Users/user/FishStore_Mem/whiteslip-admin/node_modules/@antv/scale/esm/scales/src/scales/quantile.ts' file: Error: ENOENT: no such file or directory, open '/Users/user/FishStore_Mem/whiteslip-admin/node_modules/@antv/scale/esm/scales/src/scales/quantile.ts'

Failed to parse source map from '/Users/user/FishStore_Mem/whiteslip-admin/node_modules/@antv/scale/esm/scales/src/scales/quantize.ts' file: Error: ENOENT: no such file or directory, open '/Users/user/FishStore_Mem/whiteslip-admin/node_modules/@antv/scale/esm/scales/src/scales/quantize.ts'

Failed to parse source map from '/Users/user/FishStore_Mem/whiteslip-admin/node_modules/@antv/scale/esm/scales/src/scales/sequential.ts' file: Error: ENOENT: no such file or directory, open '/Users/user/FishStore_Mem/whiteslip-admin/node_modules/@antv/scale/esm/scales/src/scales/sequential.ts'

Failed to parse source map from '/Users/user/FishStore_Mem/whiteslip-admin/node_modules/@antv/scale/esm/scales/src/scales/sqrt.ts' file: Error: ENOENT: no such file or directory, open '/Users/user/FishStore_Mem/whiteslip-admin/node_modules/@antv/scale/esm/scales/src/scales/sqrt.ts'

Failed to parse source map from '/Users/user/FishStore_Mem/whiteslip-admin/node_modules/@antv/scale/esm/scales/src/scales/threshold.ts' file: Error: ENOENT: no such file or directory, open '/Users/user/FishStore_Mem/whiteslip-admin/node_modules/@antv/scale/esm/scales/src/scales/threshold.ts'

Failed to parse source map from '/Users/user/FishStore_Mem/whiteslip-admin/node_modules/@antv/scale/esm/scales/src/scales/time.ts' file: Error: ENOENT: no such file or directory, open '/Users/user/FishStore_Mem/whiteslip-admin/node_modules/@antv/scale/esm/scales/src/scales/time.ts'

Failed to parse source map from '/Users/user/FishStore_Mem/whiteslip-admin/node_modules/@antv/scale/esm/tick-methods/src/tick-methods/d3-log.ts' file: Error: ENOENT: no such file or directory, open '/Users/user/FishStore_Mem/whiteslip-admin/node_modules/@antv/scale/esm/tick-methods/src/tick-methods/d3-log.ts'

Failed to parse source map from '/Users/user/FishStore_Mem/whiteslip-admin/node_modules/@antv/scale/esm/tick-methods/src/tick-methods/d3-ticks.ts' file: Error: ENOENT: no such file or directory, open '/Users/user/FishStore_Mem/whiteslip-admin/node_modules/@antv/scale/esm/tick-methods/src/tick-methods/d3-ticks.ts'

Failed to parse source map from '/Users/user/FishStore_Mem/whiteslip-admin/node_modules/@antv/scale/esm/tick-methods/src/tick-methods/d3-time.ts' file: Error: ENOENT: no such file or directory, open '/Users/user/FishStore_Mem/whiteslip-admin/node_modules/@antv/scale/esm/tick-methods/src/tick-methods/d3-time.ts'

Failed to parse source map from '/Users/user/FishStore_Mem/whiteslip-admin/node_modules/@antv/scale/esm/tick-methods/src/tick-methods/r-pretty.ts' file: Error: ENOENT: no such file or directory, open '/Users/user/FishStore_Mem/whiteslip-admin/node_modules/@antv/scale/esm/tick-methods/src/tick-methods/r-pretty.ts'

Failed to parse source map from '/Users/user/FishStore_Mem/whiteslip-admin/node_modules/@antv/scale/esm/tick-methods/src/tick-methods/wilkinson-extended.ts' file: Error: ENOENT: no such file or directory, open '/Users/user/FishStore_Mem/whiteslip-admin/node_modules/@antv/scale/esm/tick-methods/src/tick-methods/wilkinson-extended.ts'

Failed to parse source map from '/Users/user/FishStore_Mem/whiteslip-admin/node_modules/@antv/scale/esm/utils/src/utils/bisect.ts' file: Error: ENOENT: no such file or directory, open '/Users/user/FishStore_Mem/whiteslip-admin/node_modules/@antv/scale/esm/utils/src/utils/bisect.ts'

Failed to parse source map from '/Users/user/FishStore_Mem/whiteslip-admin/node_modules/@antv/scale/esm/utils/src/utils/choose-mask.ts' file: Error: ENOENT: no such file or directory, open '/Users/user/FishStore_Mem/whiteslip-admin/node_modules/@antv/scale/esm/utils/src/utils/choose-mask.ts'

Failed to parse source map from '/Users/user/FishStore_Mem/whiteslip-admin/node_modules/@antv/scale/esm/utils/src/utils/clamp.ts' file: Error: ENOENT: no such file or directory, open '/Users/user/FishStore_Mem/whiteslip-admin/node_modules/@antv/scale/esm/utils/src/utils/clamp.ts'

Failed to parse source map from '/Users/user/FishStore_Mem/whiteslip-admin/node_modules/@antv/scale/esm/utils/src/utils/color.ts' file: Error: ENOENT: no such file or directory, open '/Users/user/FishStore_Mem/whiteslip-admin/node_modules/@antv/scale/esm/utils/src/utils/color.ts'

Failed to parse source map from '/Users/user/FishStore_Mem/whiteslip-admin/node_modules/@antv/scale/esm/utils/src/utils/compose.ts' file: Error: ENOENT: no such file or directory, open '/Users/user/FishStore_Mem/whiteslip-admin/node_modules/@antv/scale/esm/utils/src/utils/compose.ts'

Failed to parse source map from '/Users/user/FishStore_Mem/whiteslip-admin/node_modules/@antv/scale/esm/utils/src/utils/create-quartile.ts' file: Error: ENOENT: no such file or directory, open '/Users/user/FishStore_Mem/whiteslip-admin/node_modules/@antv/scale/esm/utils/src/utils/create-quartile.ts'

Failed to parse source map from '/Users/user/FishStore_Mem/whiteslip-admin/node_modules/@antv/scale/esm/utils/src/utils/d3-linear-nice.ts' file: Error: ENOENT: no such file or directory, open '/Users/user/FishStore_Mem/whiteslip-admin/node_modules/@antv/scale/esm/utils/src/utils/d3-linear-nice.ts'

Failed to parse source map from '/Users/user/FishStore_Mem/whiteslip-admin/node_modules/@antv/scale/esm/utils/src/utils/d3-log-nice.ts' file: Error: ENOENT: no such file or directory, open '/Users/user/FishStore_Mem/whiteslip-admin/node_modules/@antv/scale/esm/utils/src/utils/d3-log-nice.ts'

Failed to parse source map from '/Users/user/FishStore_Mem/whiteslip-admin/node_modules/@antv/scale/esm/utils/src/utils/d3-time-nice.ts' file: Error: ENOENT: no such file or directory, open '/Users/user/FishStore_Mem/whiteslip-admin/node_modules/@antv/scale/esm/utils/src/utils/d3-time-nice.ts'

Failed to parse source map from '/Users/user/FishStore_Mem/whiteslip-admin/node_modules/@antv/scale/esm/utils/src/utils/find-tick-interval.ts' file: Error: ENOENT: no such file or directory, open '/Users/user/FishStore_Mem/whiteslip-admin/node_modules/@antv/scale/esm/utils/src/utils/find-tick-interval.ts'

Failed to parse source map from '/Users/user/FishStore_Mem/whiteslip-admin/node_modules/@antv/scale/esm/utils/src/utils/index.ts' file: Error: ENOENT: no such file or directory, open '/Users/user/FishStore_Mem/whiteslip-admin/node_modules/@antv/scale/esm/utils/src/utils/index.ts'

Failed to parse source map from '/Users/user/FishStore_Mem/whiteslip-admin/node_modules/@antv/scale/esm/utils/src/utils/internMap.ts' file: Error: ENOENT: no such file or directory, open '/Users/user/FishStore_Mem/whiteslip-admin/node_modules/@antv/scale/esm/utils/src/utils/internMap.ts'

Failed to parse source map from '/Users/user/FishStore_Mem/whiteslip-admin/node_modules/@antv/scale/esm/utils/src/utils/interpolate.ts' file: Error: ENOENT: no such file or directory, open '/Users/user/FishStore_Mem/whiteslip-admin/node_modules/@antv/scale/esm/utils/src/utils/interpolate.ts'

Failed to parse source map from '/Users/user/FishStore_Mem/whiteslip-admin/node_modules/@antv/scale/esm/utils/src/utils/interpolatize.ts' file: Error: ENOENT: no such file or directory, open '/Users/user/FishStore_Mem/whiteslip-admin/node_modules/@antv/scale/esm/utils/src/utils/interpolatize.ts'

Failed to parse source map from '/Users/user/FishStore_Mem/whiteslip-admin/node_modules/@antv/scale/esm/utils/src/utils/is-valid.ts' file: Error: ENOENT: no such file or directory, open '/Users/user/FishStore_Mem/whiteslip-admin/node_modules/@antv/scale/esm/utils/src/utils/is-valid.ts'

Failed to parse source map from '/Users/user/FishStore_Mem/whiteslip-admin/node_modules/@antv/scale/esm/utils/src/utils/log.ts' file: Error: ENOENT: no such file or directory, open '/Users/user/FishStore_Mem/whiteslip-admin/node_modules/@antv/scale/esm/utils/src/utils/log.ts'

Failed to parse source map from '/Users/user/FishStore_Mem/whiteslip-admin/node_modules/@antv/scale/esm/utils/src/utils/normalize.ts' file: Error: ENOENT: no such file or directory, open '/Users/user/FishStore_Mem/whiteslip-admin/node_modules/@antv/scale/esm/utils/src/utils/normalize.ts'

Failed to parse source map from '/Users/user/FishStore_Mem/whiteslip-admin/node_modules/@antv/scale/esm/utils/src/utils/pretty-number.ts' file: Error: ENOENT: no such file or directory, open '/Users/user/FishStore_Mem/whiteslip-admin/node_modules/@antv/scale/esm/utils/src/utils/pretty-number.ts'

Failed to parse source map from '/Users/user/FishStore_Mem/whiteslip-admin/node_modules/@antv/scale/esm/utils/src/utils/ticks.ts' file: Error: ENOENT: no such file or directory, open '/Users/user/FishStore_Mem/whiteslip-admin/node_modules/@antv/scale/esm/utils/src/utils/ticks.ts'

Failed to parse source map from '/Users/user/FishStore_Mem/whiteslip-admin/node_modules/@antv/scale/esm/utils/src/utils/time-interval.ts' file: Error: ENOENT: no such file or directory, open '/Users/user/FishStore_Mem/whiteslip-admin/node_modules/@antv/scale/esm/utils/src/utils/time-interval.ts'

Failed to parse source map from '/Users/user/FishStore_Mem/whiteslip-admin/node_modules/@antv/scale/esm/utils/src/utils/utc-interval.ts' file: Error: ENOENT: no such file or directory, open '/Users/user/FishStore_Mem/whiteslip-admin/node_modules/@antv/scale/esm/utils/src/utils/utc-interval.ts'

[eslint] 
src/pages/OrdersPage.tsx
  Line 67:6:  React Hook useEffect has missing dependencies: 'fetchOrders', 'searchForm', and 'today'. Either include them or remove the dependency array  react-hooks/exhaustive-deps

Search for the keywords to learn more about each warning.
To ignore, add // eslint-disable-next-line to the line before.

WARNING in ./node_modules/@antv/g2-extension-plot/esm/index.js
Module Warning (from ./node_modules/source-map-loader/dist/cjs.js):
Failed to parse source map from '/Users/user/FishStore_Mem/whiteslip-admin/node_modules/@antv/g2-extension-plot/esm/src/index.ts' file: Error: ENOENT: no such file or directory, open '/Users/user/FishStore_Mem/whiteslip-admin/node_modules/@antv/g2-extension-plot/esm/src/index.ts'

WARNING in ./node_modules/@antv/g2-extension-plot/esm/interaction/drillDown.js
Module Warning (from ./node_modules/source-map-loader/dist/cjs.js):
Failed to parse source map from '/Users/user/FishStore_Mem/whiteslip-admin/node_modules/@antv/g2-extension-plot/esm/interaction/src/interaction/drillDown.ts' file: Error: ENOENT: no such file or directory, open '/Users/user/FishStore_Mem/whiteslip-admin/node_modules/@antv/g2-extension-plot/esm/interaction/src/interaction/drillDown.ts'

WARNING in ./node_modules/@antv/g2-extension-plot/esm/interaction/index.js
Module Warning (from ./node_modules/source-map-loader/dist/cjs.js):
Failed to parse source map from '/Users/user/FishStore_Mem/whiteslip-admin/node_modules/@antv/g2-extension-plot/esm/interaction/src/interaction/index.ts' file: Error: ENOENT: no such file or directory, open '/Users/user/FishStore_Mem/whiteslip-admin/node_modules/@antv/g2-extension-plot/esm/interaction/src/interaction/index.ts'

WARNING in ./node_modules/@antv/g2-extension-plot/esm/lib.js
Module Warning (from ./node_modules/source-map-loader/dist/cjs.js):
Failed to parse source map from '/Users/user/FishStore_Mem/whiteslip-admin/node_modules/@antv/g2-extension-plot/esm/src/lib.ts' file: Error: ENOENT: no such file or directory, open '/Users/user/FishStore_Mem/whiteslip-admin/node_modules/@antv/g2-extension-plot/esm/src/lib.ts'

WARNING in ./node_modules/@antv/g2-extension-plot/esm/mark/index.js
Module Warning (from ./node_modules/source-map-loader/dist/cjs.js):
Failed to parse source map from '/Users/user/FishStore_Mem/whiteslip-admin/node_modules/@antv/g2-extension-plot/esm/mark/src/mark/index.ts' file: Error: ENOENT: no such file or directory, open '/Users/user/FishStore_Mem/whiteslip-admin/node_modules/@antv/g2-extension-plot/esm/mark/src/mark/index.ts'

WARNING in ./node_modules/@antv/g2-extension-plot/esm/mark/sunburst.js
Module Warning (from ./node_modules/source-map-loader/dist/cjs.js):
Failed to parse source map from '/Users/user/FishStore_Mem/whiteslip-admin/node_modules/@antv/g2-extension-plot/esm/mark/src/mark/sunburst.ts' file: Error: ENOENT: no such file or directory, open '/Users/user/FishStore_Mem/whiteslip-admin/node_modules/@antv/g2-extension-plot/esm/mark/src/mark/sunburst.ts'

WARNING in ./node_modules/@antv/g2-extension-plot/esm/utils/hierarchy/partition.js
Module Warning (from ./node_modules/source-map-loader/dist/cjs.js):
Failed to parse source map from '/Users/user/FishStore_Mem/whiteslip-admin/node_modules/@antv/g2-extension-plot/esm/utils/hierarchy/src/utils/hierarchy/partition.ts' file: Error: ENOENT: no such file or directory, open '/Users/user/FishStore_Mem/whiteslip-admin/node_modules/@antv/g2-extension-plot/esm/utils/hierarchy/src/utils/hierarchy/partition.ts'

WARNING in ./node_modules/@antv/layout/lib/antv-dagre.js
Module Warning (from ./node_modules/source-map-loader/dist/cjs.js):
Failed to parse source map from '/Users/user/FishStore_Mem/whiteslip-admin/node_modules/@antv/layout/src/antv-dagre.ts' file: Error: ENOENT: no such file or directory, open '/Users/user/FishStore_Mem/whiteslip-admin/node_modules/@antv/layout/src/antv-dagre.ts'

WARNING in ./node_modules/@antv/layout/lib/antv-dagre/acyclic.js
Module Warning (from ./node_modules/source-map-loader/dist/cjs.js):
Failed to parse source map from '/Users/user/FishStore_Mem/whiteslip-admin/node_modules/@antv/layout/src/antv-dagre/acyclic.ts' file: Error: ENOENT: no such file or directory, open '/Users/user/FishStore_Mem/whiteslip-admin/node_modules/@antv/layout/src/antv-dagre/acyclic.ts'

WARNING in ./node_modules/@antv/layout/lib/antv-dagre/add-border-segments.js
Module Warning (from ./node_modules/source-map-loader/dist/cjs.js):
Failed to parse source map from '/Users/user/FishStore_Mem/whiteslip-admin/node_modules/@antv/layout/src/antv-dagre/add-border-segments.ts' file: Error: ENOENT: no such file or directory, open '/Users/user/FishStore_Mem/whiteslip-admin/node_modules/@antv/layout/src/antv-dagre/add-border-segments.ts'

WARNING in ./node_modules/@antv/layout/lib/antv-dagre/coordinate-system.js
Module Warning (from ./node_modules/source-map-loader/dist/cjs.js):
Failed to parse source map from '/Users/user/FishStore_Mem/whiteslip-admin/node_modules/@antv/layout/src/antv-dagre/coordinate-system.ts' file: Error: ENOENT: no such file or directory, open '/Users/user/FishStore_Mem/whiteslip-admin/node_modules/@antv/layout/src/antv-dagre/coordinate-system.ts'

WARNING in ./node_modules/@antv/layout/lib/antv-dagre/data/list.js
Module Warning (from ./node_modules/source-map-loader/dist/cjs.js):
Failed to parse source map from '/Users/user/FishStore_Mem/whiteslip-admin/node_modules/@antv/layout/src/antv-dagre/data/list.ts' file: Error: ENOENT: no such file or directory, open '/Users/user/FishStore_Mem/whiteslip-admin/node_modules/@antv/layout/src/antv-dagre/data/list.ts'

WARNING in ./node_modules/@antv/layout/lib/antv-dagre/greedy-fas.js
Module Warning (from ./node_modules/source-map-loader/dist/cjs.js):
Failed to parse source map from '/Users/user/FishStore_Mem/whiteslip-admin/node_modules/@antv/layout/src/antv-dagre/greedy-fas.ts' file: Error: ENOENT: no such file or directory, open '/Users/user/FishStore_Mem/whiteslip-admin/node_modules/@antv/layout/src/antv-dagre/greedy-fas.ts'

WARNING in ./node_modules/@antv/layout/lib/antv-dagre/layout.js
Module Warning (from ./node_modules/source-map-loader/dist/cjs.js):
Failed to parse source map from '/Users/user/FishStore_Mem/whiteslip-admin/node_modules/@antv/layout/src/antv-dagre/layout.ts' file: Error: ENOENT: no such file or directory, open '/Users/user/FishStore_Mem/whiteslip-admin/node_modules/@antv/layout/src/antv-dagre/layout.ts'

WARNING in ./node_modules/@antv/layout/lib/antv-dagre/nesting-graph.js
Module Warning (from ./node_modules/source-map-loader/dist/cjs.js):
Failed to parse source map from '/Users/user/FishStore_Mem/whiteslip-admin/node_modules/@antv/layout/src/antv-dagre/nesting-graph.ts' file: Error: ENOENT: no such file or directory, open '/Users/user/FishStore_Mem/whiteslip-admin/node_modules/@antv/layout/src/antv-dagre/nesting-graph.ts'

WARNING in ./node_modules/@antv/layout/lib/antv-dagre/normalize.js
Module Warning (from ./node_modules/source-map-loader/dist/cjs.js):
Failed to parse source map from '/Users/user/FishStore_Mem/whiteslip-admin/node_modules/@antv/layout/src/antv-dagre/normalize.ts' file: Error: ENOENT: no such file or directory, open '/Users/user/FishStore_Mem/whiteslip-admin/node_modules/@antv/layout/src/antv-dagre/normalize.ts'

WARNING in ./node_modules/@antv/layout/lib/antv-dagre/order/add-subgraph-constraints.js
Module Warning (from ./node_modules/source-map-loader/dist/cjs.js):
Failed to parse source map from '/Users/user/FishStore_Mem/whiteslip-admin/node_modules/@antv/layout/src/antv-dagre/order/add-subgraph-constraints.ts' file: Error: ENOENT: no such file or directory, open '/Users/user/FishStore_Mem/whiteslip-admin/node_modules/@antv/layout/src/antv-dagre/order/add-subgraph-constraints.ts'

WARNING in ./node_modules/@antv/layout/lib/antv-dagre/order/barycenter.js
Module Warning (from ./node_modules/source-map-loader/dist/cjs.js):
Failed to parse source map from '/Users/user/FishStore_Mem/whiteslip-admin/node_modules/@antv/layout/src/antv-dagre/order/barycenter.ts' file: Error: ENOENT: no such file or directory, open '/Users/user/FishStore_Mem/whiteslip-admin/node_modules/@antv/layout/src/antv-dagre/order/barycenter.ts'

WARNING in ./node_modules/@antv/layout/lib/antv-dagre/order/build-layer-graph.js
Module Warning (from ./node_modules/source-map-loader/dist/cjs.js):
Failed to parse source map from '/Users/user/FishStore_Mem/whiteslip-admin/node_modules/@antv/layout/src/antv-dagre/order/build-layer-graph.ts' file: Error: ENOENT: no such file or directory, open '/Users/user/FishStore_Mem/whiteslip-admin/node_modules/@antv/layout/src/antv-dagre/order/build-layer-graph.ts'

WARNING in ./node_modules/@antv/layout/lib/antv-dagre/order/cross-count.js
Module Warning (from ./node_modules/source-map-loader/dist/cjs.js):
Failed to parse source map from '/Users/user/FishStore_Mem/whiteslip-admin/node_modules/@antv/layout/src/antv-dagre/order/cross-count.ts' file: Error: ENOENT: no such file or directory, open '/Users/user/FishStore_Mem/whiteslip-admin/node_modules/@antv/layout/src/antv-dagre/order/cross-count.ts'

WARNING in ./node_modules/@antv/layout/lib/antv-dagre/order/index.js
Module Warning (from ./node_modules/source-map-loader/dist/cjs.js):
Failed to parse source map from '/Users/user/FishStore_Mem/whiteslip-admin/node_modules/@antv/layout/src/antv-dagre/order/index.ts' file: Error: ENOENT: no such file or directory, open '/Users/user/FishStore_Mem/whiteslip-admin/node_modules/@antv/layout/src/antv-dagre/order/index.ts'

WARNING in ./node_modules/@antv/layout/lib/antv-dagre/order/init-data-order.js
Module Warning (from ./node_modules/source-map-loader/dist/cjs.js):
Failed to parse source map from '/Users/user/FishStore_Mem/whiteslip-admin/node_modules/@antv/layout/src/antv-dagre/order/init-data-order.ts' file: Error: ENOENT: no such file or directory, open '/Users/user/FishStore_Mem/whiteslip-admin/node_modules/@antv/layout/src/antv-dagre/order/init-data-order.ts'

WARNING in ./node_modules/@antv/layout/lib/antv-dagre/order/init-order.js
Module Warning (from ./node_modules/source-map-loader/dist/cjs.js):
Failed to parse source map from '/Users/user/FishStore_Mem/whiteslip-admin/node_modules/@antv/layout/src/antv-dagre/order/init-order.ts' file: Error: ENOENT: no such file or directory, open '/Users/user/FishStore_Mem/whiteslip-admin/node_modules/@antv/layout/src/antv-dagre/order/init-order.ts'

WARNING in ./node_modules/@antv/layout/lib/antv-dagre/order/resolve-conflicts.js
Module Warning (from ./node_modules/source-map-loader/dist/cjs.js):
Failed to parse source map from '/Users/user/FishStore_Mem/whiteslip-admin/node_modules/@antv/layout/src/antv-dagre/order/resolve-conflicts.ts' file: Error: ENOENT: no such file or directory, open '/Users/user/FishStore_Mem/whiteslip-admin/node_modules/@antv/layout/src/antv-dagre/order/resolve-conflicts.ts'

WARNING in ./node_modules/@antv/layout/lib/antv-dagre/order/sort-subgraph.js
Module Warning (from ./node_modules/source-map-loader/dist/cjs.js):
Failed to parse source map from '/Users/user/FishStore_Mem/whiteslip-admin/node_modules/@antv/layout/src/antv-dagre/order/sort-subgraph.ts' file: Error: ENOENT: no such file or directory, open '/Users/user/FishStore_Mem/whiteslip-admin/node_modules/@antv/layout/src/antv-dagre/order/sort-subgraph.ts'

WARNING in ./node_modules/@antv/layout/lib/antv-dagre/order/sort.js
Module Warning (from ./node_modules/source-map-loader/dist/cjs.js):
Failed to parse source map from '/Users/user/FishStore_Mem/whiteslip-admin/node_modules/@antv/layout/src/antv-dagre/order/sort.ts' file: Error: ENOENT: no such file or directory, open '/Users/user/FishStore_Mem/whiteslip-admin/node_modules/@antv/layout/src/antv-dagre/order/sort.ts'

WARNING in ./node_modules/@antv/layout/lib/antv-dagre/parent-dummy-chains.js
Module Warning (from ./node_modules/source-map-loader/dist/cjs.js):
Failed to parse source map from '/Users/user/FishStore_Mem/whiteslip-admin/node_modules/@antv/layout/src/antv-dagre/parent-dummy-chains.ts' file: Error: ENOENT: no such file or directory, open '/Users/user/FishStore_Mem/whiteslip-admin/node_modules/@antv/layout/src/antv-dagre/parent-dummy-chains.ts'

WARNING in ./node_modules/@antv/layout/lib/antv-dagre/position/bk.js
Module Warning (from ./node_modules/source-map-loader/dist/cjs.js):
Failed to parse source map from '/Users/user/FishStore_Mem/whiteslip-admin/node_modules/@antv/layout/src/antv-dagre/position/bk.ts' file: Error: ENOENT: no such file or directory, open '/Users/user/FishStore_Mem/whiteslip-admin/node_modules/@antv/layout/src/antv-dagre/position/bk.ts'

WARNING in ./node_modules/@antv/layout/lib/antv-dagre/position/index.js
Module Warning (from ./node_modules/source-map-loader/dist/cjs.js):
Failed to parse source map from '/Users/user/FishStore_Mem/whiteslip-admin/node_modules/@antv/layout/src/antv-dagre/position/index.ts' file: Error: ENOENT: no such file or directory, open '/Users/user/FishStore_Mem/whiteslip-admin/node_modules/@antv/layout/src/antv-dagre/position/index.ts'

WARNING in ./node_modules/@antv/layout/lib/antv-dagre/rank/feasible-tree.js
Module Warning (from ./node_modules/source-map-loader/dist/cjs.js):
Failed to parse source map from '/Users/user/FishStore_Mem/whiteslip-admin/node_modules/@antv/layout/src/antv-dagre/rank/feasible-tree.ts' file: Error: ENOENT: no such file or directory, open '/Users/user/FishStore_Mem/whiteslip-admin/node_modules/@antv/layout/src/antv-dagre/rank/feasible-tree.ts'

WARNING in ./node_modules/@antv/layout/lib/antv-dagre/rank/index.js
Module Warning (from ./node_modules/source-map-loader/dist/cjs.js):
Failed to parse source map from '/Users/user/FishStore_Mem/whiteslip-admin/node_modules/@antv/layout/src/antv-dagre/rank/index.ts' file: Error: ENOENT: no such file or directory, open '/Users/user/FishStore_Mem/whiteslip-admin/node_modules/@antv/layout/src/antv-dagre/rank/index.ts'

WARNING in ./node_modules/@antv/layout/lib/antv-dagre/rank/network-simplex.js
Module Warning (from ./node_modules/source-map-loader/dist/cjs.js):
Failed to parse source map from '/Users/user/FishStore_Mem/whiteslip-admin/node_modules/@antv/layout/src/antv-dagre/rank/network-simplex.ts' file: Error: ENOENT: no such file or directory, open '/Users/user/FishStore_Mem/whiteslip-admin/node_modules/@antv/layout/src/antv-dagre/rank/network-simplex.ts'

WARNING in ./node_modules/@antv/layout/lib/antv-dagre/rank/util.js
Module Warning (from ./node_modules/source-map-loader/dist/cjs.js):
Failed to parse source map from '/Users/user/FishStore_Mem/whiteslip-admin/node_modules/@antv/layout/src/antv-dagre/rank/util.ts' file: Error: ENOENT: no such file or directory, open '/Users/user/FishStore_Mem/whiteslip-admin/node_modules/@antv/layout/src/antv-dagre/rank/util.ts'

WARNING in ./node_modules/@antv/layout/lib/antv-dagre/util.js
Module Warning (from ./node_modules/source-map-loader/dist/cjs.js):
Failed to parse source map from '/Users/user/FishStore_Mem/whiteslip-admin/node_modules/@antv/layout/src/antv-dagre/util.ts' file: Error: ENOENT: no such file or directory, open '/Users/user/FishStore_Mem/whiteslip-admin/node_modules/@antv/layout/src/antv-dagre/util.ts'

WARNING in ./node_modules/@antv/layout/lib/circular.js
Module Warning (from ./node_modules/source-map-loader/dist/cjs.js):
Failed to parse source map from '/Users/user/FishStore_Mem/whiteslip-admin/node_modules/@antv/layout/src/circular.ts' file: Error: ENOENT: no such file or directory, open '/Users/user/FishStore_Mem/whiteslip-admin/node_modules/@antv/layout/src/circular.ts'

WARNING in ./node_modules/@antv/layout/lib/combo-combined.js
Module Warning (from ./node_modules/source-map-loader/dist/cjs.js):
Failed to parse source map from '/Users/user/FishStore_Mem/whiteslip-admin/node_modules/@antv/layout/src/combo-combined.ts' file: Error: ENOENT: no such file or directory, open '/Users/user/FishStore_Mem/whiteslip-admin/node_modules/@antv/layout/src/combo-combined.ts'

WARNING in ./node_modules/@antv/layout/lib/concentric.js
Module Warning (from ./node_modules/source-map-loader/dist/cjs.js):
Failed to parse source map from '/Users/user/FishStore_Mem/whiteslip-admin/node_modules/@antv/layout/src/concentric.ts' file: Error: ENOENT: no such file or directory, open '/Users/user/FishStore_Mem/whiteslip-admin/node_modules/@antv/layout/src/concentric.ts'

WARNING in ./node_modules/@antv/layout/lib/dagre.js
Module Warning (from ./node_modules/source-map-loader/dist/cjs.js):
Failed to parse source map from '/Users/user/FishStore_Mem/whiteslip-admin/node_modules/@antv/layout/src/dagre.ts' file: Error: ENOENT: no such file or directory, open '/Users/user/FishStore_Mem/whiteslip-admin/node_modules/@antv/layout/src/dagre.ts'

WARNING in ./node_modules/@antv/layout/lib/d3-force-3d/index.js
Module Warning (from ./node_modules/source-map-loader/dist/cjs.js):
Failed to parse source map from '/Users/user/FishStore_Mem/whiteslip-admin/node_modules/@antv/layout/src/d3-force-3d/index.ts' file: Error: ENOENT: no such file or directory, open '/Users/user/FishStore_Mem/whiteslip-admin/node_modules/@antv/layout/src/d3-force-3d/index.ts'

WARNING in ./node_modules/@antv/layout/lib/d3-force/index.js
Module Warning (from ./node_modules/source-map-loader/dist/cjs.js):
Failed to parse source map from '/Users/user/FishStore_Mem/whiteslip-admin/node_modules/@antv/layout/src/d3-force/index.ts' file: Error: ENOENT: no such file or directory, open '/Users/user/FishStore_Mem/whiteslip-admin/node_modules/@antv/layout/src/d3-force/index.ts'

WARNING in ./node_modules/@antv/layout/lib/exports.js
Module Warning (from ./node_modules/source-map-loader/dist/cjs.js):
Failed to parse source map from '/Users/user/FishStore_Mem/whiteslip-admin/node_modules/@antv/layout/src/exports.ts' file: Error: ENOENT: no such file or directory, open '/Users/user/FishStore_Mem/whiteslip-admin/node_modules/@antv/layout/src/exports.ts'

WARNING in ./node_modules/@antv/layout/lib/force-atlas2/body.js
Module Warning (from ./node_modules/source-map-loader/dist/cjs.js):
Failed to parse source map from '/Users/user/FishStore_Mem/whiteslip-admin/node_modules/@antv/layout/src/force-atlas2/body.ts' file: Error: ENOENT: no such file or directory, open '/Users/user/FishStore_Mem/whiteslip-admin/node_modules/@antv/layout/src/force-atlas2/body.ts'

WARNING in ./node_modules/@antv/layout/lib/force-atlas2/index.js
Module Warning (from ./node_modules/source-map-loader/dist/cjs.js):
Failed to parse source map from '/Users/user/FishStore_Mem/whiteslip-admin/node_modules/@antv/layout/src/force-atlas2/index.ts' file: Error: ENOENT: no such file or directory, open '/Users/user/FishStore_Mem/whiteslip-admin/node_modules/@antv/layout/src/force-atlas2/index.ts'

WARNING in ./node_modules/@antv/layout/lib/force-atlas2/quad-tree.js
Module Warning (from ./node_modules/source-map-loader/dist/cjs.js):
Failed to parse source map from '/Users/user/FishStore_Mem/whiteslip-admin/node_modules/@antv/layout/src/force-atlas2/quad-tree.ts' file: Error: ENOENT: no such file or directory, open '/Users/user/FishStore_Mem/whiteslip-admin/node_modules/@antv/layout/src/force-atlas2/quad-tree.ts'

WARNING in ./node_modules/@antv/layout/lib/force-atlas2/quad.js
Module Warning (from ./node_modules/source-map-loader/dist/cjs.js):
Failed to parse source map from '/Users/user/FishStore_Mem/whiteslip-admin/node_modules/@antv/layout/src/force-atlas2/quad.ts' file: Error: ENOENT: no such file or directory, open '/Users/user/FishStore_Mem/whiteslip-admin/node_modules/@antv/layout/src/force-atlas2/quad.ts'

WARNING in ./node_modules/@antv/layout/lib/force/force-n-body.js
Module Warning (from ./node_modules/source-map-loader/dist/cjs.js):
Failed to parse source map from '/Users/user/FishStore_Mem/whiteslip-admin/node_modules/@antv/layout/src/force/force-n-body.ts' file: Error: ENOENT: no such file or directory, open '/Users/user/FishStore_Mem/whiteslip-admin/node_modules/@antv/layout/src/force/force-n-body.ts'

WARNING in ./node_modules/@antv/layout/lib/force/index.js
Module Warning (from ./node_modules/source-map-loader/dist/cjs.js):
Failed to parse source map from '/Users/user/FishStore_Mem/whiteslip-admin/node_modules/@antv/layout/src/force/index.ts' file: Error: ENOENT: no such file or directory, open '/Users/user/FishStore_Mem/whiteslip-admin/node_modules/@antv/layout/src/force/index.ts'

WARNING in ./node_modules/@antv/layout/lib/fruchterman.js
Module Warning (from ./node_modules/source-map-loader/dist/cjs.js):
Failed to parse source map from '/Users/user/FishStore_Mem/whiteslip-admin/node_modules/@antv/layout/src/fruchterman.ts' file: Error: ENOENT: no such file or directory, open '/Users/user/FishStore_Mem/whiteslip-admin/node_modules/@antv/layout/src/fruchterman.ts'

WARNING in ./node_modules/@antv/layout/lib/grid.js
Module Warning (from ./node_modules/source-map-loader/dist/cjs.js):
Failed to parse source map from '/Users/user/FishStore_Mem/whiteslip-admin/node_modules/@antv/layout/src/grid.ts' file: Error: ENOENT: no such file or directory, open '/Users/user/FishStore_Mem/whiteslip-admin/node_modules/@antv/layout/src/grid.ts'

WARNING in ./node_modules/@antv/layout/lib/index.js
Module Warning (from ./node_modules/source-map-loader/dist/cjs.js):
Failed to parse source map from '/Users/user/FishStore_Mem/whiteslip-admin/node_modules/@antv/layout/src/index.ts' file: Error: ENOENT: no such file or directory, open '/Users/user/FishStore_Mem/whiteslip-admin/node_modules/@antv/layout/src/index.ts'

WARNING in ./node_modules/@antv/layout/lib/mds.js
Module Warning (from ./node_modules/source-map-loader/dist/cjs.js):
Failed to parse source map from '/Users/user/FishStore_Mem/whiteslip-admin/node_modules/@antv/layout/src/mds.ts' file: Error: ENOENT: no such file or directory, open '/Users/user/FishStore_Mem/whiteslip-admin/node_modules/@antv/layout/src/mds.ts'

WARNING in ./node_modules/@antv/layout/lib/radial/index.js
Module Warning (from ./node_modules/source-map-loader/dist/cjs.js):
Failed to parse source map from '/Users/user/FishStore_Mem/whiteslip-admin/node_modules/@antv/layout/src/radial/index.ts' file: Error: ENOENT: no such file or directory, open '/Users/user/FishStore_Mem/whiteslip-admin/node_modules/@antv/layout/src/radial/index.ts'

WARNING in ./node_modules/@antv/layout/lib/radial/mds.js
Module Warning (from ./node_modules/source-map-loader/dist/cjs.js):
Failed to parse source map from '/Users/user/FishStore_Mem/whiteslip-admin/node_modules/@antv/layout/src/radial/mds.ts' file: Error: ENOENT: no such file or directory, open '/Users/user/FishStore_Mem/whiteslip-admin/node_modules/@antv/layout/src/radial/mds.ts'

WARNING in ./node_modules/@antv/layout/lib/radial/radial-nonoverlap-force.js
Module Warning (from ./node_modules/source-map-loader/dist/cjs.js):
Failed to parse source map from '/Users/user/FishStore_Mem/whiteslip-admin/node_modules/@antv/layout/src/radial/radial-nonoverlap-force.ts' file: Error: ENOENT: no such file or directory, open '/Users/user/FishStore_Mem/whiteslip-admin/node_modules/@antv/layout/src/radial/radial-nonoverlap-force.ts'

WARNING in ./node_modules/@antv/layout/lib/random.js
Module Warning (from ./node_modules/source-map-loader/dist/cjs.js):
Failed to parse source map from '/Users/user/FishStore_Mem/whiteslip-admin/node_modules/@antv/layout/src/random.ts' file: Error: ENOENT: no such file or directory, open '/Users/user/FishStore_Mem/whiteslip-admin/node_modules/@antv/layout/src/random.ts'

WARNING in ./node_modules/@antv/layout/lib/registry.js
Module Warning (from ./node_modules/source-map-loader/dist/cjs.js):
Failed to parse source map from '/Users/user/FishStore_Mem/whiteslip-admin/node_modules/@antv/layout/src/registry.ts' file: Error: ENOENT: no such file or directory, open '/Users/user/FishStore_Mem/whiteslip-admin/node_modules/@antv/layout/src/registry.ts'

WARNING in ./node_modules/@antv/layout/lib/supervisor.js
Module Warning (from ./node_modules/source-map-loader/dist/cjs.js):
Failed to parse source map from '/Users/user/FishStore_Mem/whiteslip-admin/node_modules/@antv/layout/src/supervisor.ts' file: Error: ENOENT: no such file or directory, open '/Users/user/FishStore_Mem/whiteslip-admin/node_modules/@antv/layout/src/supervisor.ts'

WARNING in ./node_modules/@antv/layout/lib/types.js
Module Warning (from ./node_modules/source-map-loader/dist/cjs.js):
Failed to parse source map from '/Users/user/FishStore_Mem/whiteslip-admin/node_modules/@antv/layout/src/types.ts' file: Error: ENOENT: no such file or directory, open '/Users/user/FishStore_Mem/whiteslip-admin/node_modules/@antv/layout/src/types.ts'

WARNING in ./node_modules/@antv/layout/lib/util/array.js
Module Warning (from ./node_modules/source-map-loader/dist/cjs.js):
Failed to parse source map from '/Users/user/FishStore_Mem/whiteslip-admin/node_modules/@antv/layout/src/util/array.ts' file: Error: ENOENT: no such file or directory, open '/Users/user/FishStore_Mem/whiteslip-admin/node_modules/@antv/layout/src/util/array.ts'

WARNING in ./node_modules/@antv/layout/lib/util/common.js
Module Warning (from ./node_modules/source-map-loader/dist/cjs.js):
Failed to parse source map from '/Users/user/FishStore_Mem/whiteslip-admin/node_modules/@antv/layout/src/util/common.ts' file: Error: ENOENT: no such file or directory, open '/Users/user/FishStore_Mem/whiteslip-admin/node_modules/@antv/layout/src/util/common.ts'

WARNING in ./node_modules/@antv/layout/lib/util/function.js
Module Warning (from ./node_modules/source-map-loader/dist/cjs.js):
Failed to parse source map from '/Users/user/FishStore_Mem/whiteslip-admin/node_modules/@antv/layout/src/util/function.ts' file: Error: ENOENT: no such file or directory, open '/Users/user/FishStore_Mem/whiteslip-admin/node_modules/@antv/layout/src/util/function.ts'

WARNING in ./node_modules/@antv/layout/lib/util/index.js
Module Warning (from ./node_modules/source-map-loader/dist/cjs.js):
Failed to parse source map from '/Users/user/FishStore_Mem/whiteslip-admin/node_modules/@antv/layout/src/util/index.ts' file: Error: ENOENT: no such file or directory, open '/Users/user/FishStore_Mem/whiteslip-admin/node_modules/@antv/layout/src/util/index.ts'

WARNING in ./node_modules/@antv/layout/lib/util/math.js
Module Warning (from ./node_modules/source-map-loader/dist/cjs.js):
Failed to parse source map from '/Users/user/FishStore_Mem/whiteslip-admin/node_modules/@antv/layout/src/util/math.ts' file: Error: ENOENT: no such file or directory, open '/Users/user/FishStore_Mem/whiteslip-admin/node_modules/@antv/layout/src/util/math.ts'

WARNING in ./node_modules/@antv/layout/lib/util/object.js
Module Warning (from ./node_modules/source-map-loader/dist/cjs.js):
Failed to parse source map from '/Users/user/FishStore_Mem/whiteslip-admin/node_modules/@antv/layout/src/util/object.ts' file: Error: ENOENT: no such file or directory, open '/Users/user/FishStore_Mem/whiteslip-admin/node_modules/@antv/layout/src/util/object.ts'

WARNING in ./node_modules/@antv/layout/lib/util/size.js
Module Warning (from ./node_modules/source-map-loader/dist/cjs.js):
Failed to parse source map from '/Users/user/FishStore_Mem/whiteslip-admin/node_modules/@antv/layout/src/util/size.ts' file: Error: ENOENT: no such file or directory, open '/Users/user/FishStore_Mem/whiteslip-admin/node_modules/@antv/layout/src/util/size.ts'

WARNING in ./node_modules/@antv/layout/lib/worker.js
Module Warning (from ./node_modules/source-map-loader/dist/cjs.js):
Failed to parse source map from '/Users/user/FishStore_Mem/whiteslip-admin/node_modules/@antv/layout/src/worker.js' file: Error: ENOENT: no such file or directory, open '/Users/user/FishStore_Mem/whiteslip-admin/node_modules/@antv/layout/src/worker.js'

WARNING in ./node_modules/@antv/scale/esm/index.js
Module Warning (from ./node_modules/source-map-loader/dist/cjs.js):
Failed to parse source map from '/Users/user/FishStore_Mem/whiteslip-admin/node_modules/@antv/scale/esm/src/index.ts' file: Error: ENOENT: no such file or directory, open '/Users/user/FishStore_Mem/whiteslip-admin/node_modules/@antv/scale/esm/src/index.ts'

WARNING in ./node_modules/@antv/scale/esm/scales/band.js
Module Warning (from ./node_modules/source-map-loader/dist/cjs.js):
Failed to parse source map from '/Users/user/FishStore_Mem/whiteslip-admin/node_modules/@antv/scale/esm/scales/src/scales/band.ts' file: Error: ENOENT: no such file or directory, open '/Users/user/FishStore_Mem/whiteslip-admin/node_modules/@antv/scale/esm/scales/src/scales/band.ts'

WARNING in ./node_modules/@antv/scale/esm/scales/base.js
Module Warning (from ./node_modules/source-map-loader/dist/cjs.js):
Failed to parse source map from '/Users/user/FishStore_Mem/whiteslip-admin/node_modules/@antv/scale/esm/scales/src/scales/base.ts' file: Error: ENOENT: no such file or directory, open '/Users/user/FishStore_Mem/whiteslip-admin/node_modules/@antv/scale/esm/scales/src/scales/base.ts'

WARNING in ./node_modules/@antv/scale/esm/scales/constant.js
Module Warning (from ./node_modules/source-map-loader/dist/cjs.js):
Failed to parse source map from '/Users/user/FishStore_Mem/whiteslip-admin/node_modules/@antv/scale/esm/scales/src/scales/constant.ts' file: Error: ENOENT: no such file or directory, open '/Users/user/FishStore_Mem/whiteslip-admin/node_modules/@antv/scale/esm/scales/src/scales/constant.ts'

WARNING in ./node_modules/@antv/scale/esm/scales/continuous.js
Module Warning (from ./node_modules/source-map-loader/dist/cjs.js):
Failed to parse source map from '/Users/user/FishStore_Mem/whiteslip-admin/node_modules/@antv/scale/esm/scales/src/scales/continuous.ts' file: Error: ENOENT: no such file or directory, open '/Users/user/FishStore_Mem/whiteslip-admin/node_modules/@antv/scale/esm/scales/src/scales/continuous.ts'

WARNING in ./node_modules/@antv/scale/esm/scales/diverging.js
Module Warning (from ./node_modules/source-map-loader/dist/cjs.js):
Failed to parse source map from '/Users/user/FishStore_Mem/whiteslip-admin/node_modules/@antv/scale/esm/scales/src/scales/diverging.ts' file: Error: ENOENT: no such file or directory, open '/Users/user/FishStore_Mem/whiteslip-admin/node_modules/@antv/scale/esm/scales/src/scales/diverging.ts'

WARNING in ./node_modules/@antv/scale/esm/scales/identity.js
Module Warning (from ./node_modules/source-map-loader/dist/cjs.js):
Failed to parse source map from '/Users/user/FishStore_Mem/whiteslip-admin/node_modules/@antv/scale/esm/scales/src/scales/identity.ts' file: Error: ENOENT: no such file or directory, open '/Users/user/FishStore_Mem/whiteslip-admin/node_modules/@antv/scale/esm/scales/src/scales/identity.ts'

WARNING in ./node_modules/@antv/scale/esm/scales/linear.js
Module Warning (from ./node_modules/source-map-loader/dist/cjs.js):
Failed to parse source map from '/Users/user/FishStore_Mem/whiteslip-admin/node_modules/@antv/scale/esm/scales/src/scales/linear.ts' file: Error: ENOENT: no such file or directory, open '/Users/user/FishStore_Mem/whiteslip-admin/node_modules/@antv/scale/esm/scales/src/scales/linear.ts'

WARNING in ./node_modules/@antv/scale/esm/scales/log.js
Module Warning (from ./node_modules/source-map-loader/dist/cjs.js):
Failed to parse source map from '/Users/user/FishStore_Mem/whiteslip-admin/node_modules/@antv/scale/esm/scales/src/scales/log.ts' file: Error: ENOENT: no such file or directory, open '/Users/user/FishStore_Mem/whiteslip-admin/node_modules/@antv/scale/esm/scales/src/scales/log.ts'

WARNING in ./node_modules/@antv/scale/esm/scales/ordinal.js
Module Warning (from ./node_modules/source-map-loader/dist/cjs.js):
Failed to parse source map from '/Users/user/FishStore_Mem/whiteslip-admin/node_modules/@antv/scale/esm/scales/src/scales/ordinal.ts' file: Error: ENOENT: no such file or directory, open '/Users/user/FishStore_Mem/whiteslip-admin/node_modules/@antv/scale/esm/scales/src/scales/ordinal.ts'

WARNING in ./node_modules/@antv/scale/esm/scales/point.js
Module Warning (from ./node_modules/source-map-loader/dist/cjs.js):
Failed to parse source map from '/Users/user/FishStore_Mem/whiteslip-admin/node_modules/@antv/scale/esm/scales/src/scales/point.ts' file: Error: ENOENT: no such file or directory, open '/Users/user/FishStore_Mem/whiteslip-admin/node_modules/@antv/scale/esm/scales/src/scales/point.ts'

WARNING in ./node_modules/@antv/scale/esm/scales/pow.js
Module Warning (from ./node_modules/source-map-loader/dist/cjs.js):
Failed to parse source map from '/Users/user/FishStore_Mem/whiteslip-admin/node_modules/@antv/scale/esm/scales/src/scales/pow.ts' file: Error: ENOENT: no such file or directory, open '/Users/user/FishStore_Mem/whiteslip-admin/node_modules/@antv/scale/esm/scales/src/scales/pow.ts'

WARNING in ./node_modules/@antv/scale/esm/scales/quantile.js
Module Warning (from ./node_modules/source-map-loader/dist/cjs.js):
Failed to parse source map from '/Users/user/FishStore_Mem/whiteslip-admin/node_modules/@antv/scale/esm/scales/src/scales/quantile.ts' file: Error: ENOENT: no such file or directory, open '/Users/user/FishStore_Mem/whiteslip-admin/node_modules/@antv/scale/esm/scales/src/scales/quantile.ts'

WARNING in ./node_modules/@antv/scale/esm/scales/quantize.js
Module Warning (from ./node_modules/source-map-loader/dist/cjs.js):
Failed to parse source map from '/Users/user/FishStore_Mem/whiteslip-admin/node_modules/@antv/scale/esm/scales/src/scales/quantize.ts' file: Error: ENOENT: no such file or directory, open '/Users/user/FishStore_Mem/whiteslip-admin/node_modules/@antv/scale/esm/scales/src/scales/quantize.ts'

WARNING in ./node_modules/@antv/scale/esm/scales/sequential.js
Module Warning (from ./node_modules/source-map-loader/dist/cjs.js):
Failed to parse source map from '/Users/user/FishStore_Mem/whiteslip-admin/node_modules/@antv/scale/esm/scales/src/scales/sequential.ts' file: Error: ENOENT: no such file or directory, open '/Users/user/FishStore_Mem/whiteslip-admin/node_modules/@antv/scale/esm/scales/src/scales/sequential.ts'

WARNING in ./node_modules/@antv/scale/esm/scales/sqrt.js
Module Warning (from ./node_modules/source-map-loader/dist/cjs.js):
Failed to parse source map from '/Users/user/FishStore_Mem/whiteslip-admin/node_modules/@antv/scale/esm/scales/src/scales/sqrt.ts' file: Error: ENOENT: no such file or directory, open '/Users/user/FishStore_Mem/whiteslip-admin/node_modules/@antv/scale/esm/scales/src/scales/sqrt.ts'

WARNING in ./node_modules/@antv/scale/esm/scales/threshold.js
Module Warning (from ./node_modules/source-map-loader/dist/cjs.js):
Failed to parse source map from '/Users/user/FishStore_Mem/whiteslip-admin/node_modules/@antv/scale/esm/scales/src/scales/threshold.ts' file: Error: ENOENT: no such file or directory, open '/Users/user/FishStore_Mem/whiteslip-admin/node_modules/@antv/scale/esm/scales/src/scales/threshold.ts'

WARNING in ./node_modules/@antv/scale/esm/scales/time.js
Module Warning (from ./node_modules/source-map-loader/dist/cjs.js):
Failed to parse source map from '/Users/user/FishStore_Mem/whiteslip-admin/node_modules/@antv/scale/esm/scales/src/scales/time.ts' file: Error: ENOENT: no such file or directory, open '/Users/user/FishStore_Mem/whiteslip-admin/node_modules/@antv/scale/esm/scales/src/scales/time.ts'

WARNING in ./node_modules/@antv/scale/esm/tick-methods/d3-log.js
Module Warning (from ./node_modules/source-map-loader/dist/cjs.js):
Failed to parse source map from '/Users/user/FishStore_Mem/whiteslip-admin/node_modules/@antv/scale/esm/tick-methods/src/tick-methods/d3-log.ts' file: Error: ENOENT: no such file or directory, open '/Users/user/FishStore_Mem/whiteslip-admin/node_modules/@antv/scale/esm/tick-methods/src/tick-methods/d3-log.ts'

WARNING in ./node_modules/@antv/scale/esm/tick-methods/d3-ticks.js
Module Warning (from ./node_modules/source-map-loader/dist/cjs.js):
Failed to parse source map from '/Users/user/FishStore_Mem/whiteslip-admin/node_modules/@antv/scale/esm/tick-methods/src/tick-methods/d3-ticks.ts' file: Error: ENOENT: no such file or directory, open '/Users/user/FishStore_Mem/whiteslip-admin/node_modules/@antv/scale/esm/tick-methods/src/tick-methods/d3-ticks.ts'

WARNING in ./node_modules/@antv/scale/esm/tick-methods/d3-time.js
Module Warning (from ./node_modules/source-map-loader/dist/cjs.js):
Failed to parse source map from '/Users/user/FishStore_Mem/whiteslip-admin/node_modules/@antv/scale/esm/tick-methods/src/tick-methods/d3-time.ts' file: Error: ENOENT: no such file or directory, open '/Users/user/FishStore_Mem/whiteslip-admin/node_modules/@antv/scale/esm/tick-methods/src/tick-methods/d3-time.ts'

WARNING in ./node_modules/@antv/scale/esm/tick-methods/r-pretty.js
Module Warning (from ./node_modules/source-map-loader/dist/cjs.js):
Failed to parse source map from '/Users/user/FishStore_Mem/whiteslip-admin/node_modules/@antv/scale/esm/tick-methods/src/tick-methods/r-pretty.ts' file: Error: ENOENT: no such file or directory, open '/Users/user/FishStore_Mem/whiteslip-admin/node_modules/@antv/scale/esm/tick-methods/src/tick-methods/r-pretty.ts'

WARNING in ./node_modules/@antv/scale/esm/tick-methods/wilkinson-extended.js
Module Warning (from ./node_modules/source-map-loader/dist/cjs.js):
Failed to parse source map from '/Users/user/FishStore_Mem/whiteslip-admin/node_modules/@antv/scale/esm/tick-methods/src/tick-methods/wilkinson-extended.ts' file: Error: ENOENT: no such file or directory, open '/Users/user/FishStore_Mem/whiteslip-admin/node_modules/@antv/scale/esm/tick-methods/src/tick-methods/wilkinson-extended.ts'

WARNING in ./node_modules/@antv/scale/esm/utils/bisect.js
Module Warning (from ./node_modules/source-map-loader/dist/cjs.js):
Failed to parse source map from '/Users/user/FishStore_Mem/whiteslip-admin/node_modules/@antv/scale/esm/utils/src/utils/bisect.ts' file: Error: ENOENT: no such file or directory, open '/Users/user/FishStore_Mem/whiteslip-admin/node_modules/@antv/scale/esm/utils/src/utils/bisect.ts'

WARNING in ./node_modules/@antv/scale/esm/utils/choose-mask.js
Module Warning (from ./node_modules/source-map-loader/dist/cjs.js):
Failed to parse source map from '/Users/user/FishStore_Mem/whiteslip-admin/node_modules/@antv/scale/esm/utils/src/utils/choose-mask.ts' file: Error: ENOENT: no such file or directory, open '/Users/user/FishStore_Mem/whiteslip-admin/node_modules/@antv/scale/esm/utils/src/utils/choose-mask.ts'

WARNING in ./node_modules/@antv/scale/esm/utils/clamp.js
Module Warning (from ./node_modules/source-map-loader/dist/cjs.js):
Failed to parse source map from '/Users/user/FishStore_Mem/whiteslip-admin/node_modules/@antv/scale/esm/utils/src/utils/clamp.ts' file: Error: ENOENT: no such file or directory, open '/Users/user/FishStore_Mem/whiteslip-admin/node_modules/@antv/scale/esm/utils/src/utils/clamp.ts'

WARNING in ./node_modules/@antv/scale/esm/utils/color.js
Module Warning (from ./node_modules/source-map-loader/dist/cjs.js):
Failed to parse source map from '/Users/user/FishStore_Mem/whiteslip-admin/node_modules/@antv/scale/esm/utils/src/utils/color.ts' file: Error: ENOENT: no such file or directory, open '/Users/user/FishStore_Mem/whiteslip-admin/node_modules/@antv/scale/esm/utils/src/utils/color.ts'

WARNING in ./node_modules/@antv/scale/esm/utils/compose.js
Module Warning (from ./node_modules/source-map-loader/dist/cjs.js):
Failed to parse source map from '/Users/user/FishStore_Mem/whiteslip-admin/node_modules/@antv/scale/esm/utils/src/utils/compose.ts' file: Error: ENOENT: no such file or directory, open '/Users/user/FishStore_Mem/whiteslip-admin/node_modules/@antv/scale/esm/utils/src/utils/compose.ts'

WARNING in ./node_modules/@antv/scale/esm/utils/create-quartile.js
Module Warning (from ./node_modules/source-map-loader/dist/cjs.js):
Failed to parse source map from '/Users/user/FishStore_Mem/whiteslip-admin/node_modules/@antv/scale/esm/utils/src/utils/create-quartile.ts' file: Error: ENOENT: no such file or directory, open '/Users/user/FishStore_Mem/whiteslip-admin/node_modules/@antv/scale/esm/utils/src/utils/create-quartile.ts'

WARNING in ./node_modules/@antv/scale/esm/utils/d3-linear-nice.js
Module Warning (from ./node_modules/source-map-loader/dist/cjs.js):
Failed to parse source map from '/Users/user/FishStore_Mem/whiteslip-admin/node_modules/@antv/scale/esm/utils/src/utils/d3-linear-nice.ts' file: Error: ENOENT: no such file or directory, open '/Users/user/FishStore_Mem/whiteslip-admin/node_modules/@antv/scale/esm/utils/src/utils/d3-linear-nice.ts'

WARNING in ./node_modules/@antv/scale/esm/utils/d3-log-nice.js
Module Warning (from ./node_modules/source-map-loader/dist/cjs.js):
Failed to parse source map from '/Users/user/FishStore_Mem/whiteslip-admin/node_modules/@antv/scale/esm/utils/src/utils/d3-log-nice.ts' file: Error: ENOENT: no such file or directory, open '/Users/user/FishStore_Mem/whiteslip-admin/node_modules/@antv/scale/esm/utils/src/utils/d3-log-nice.ts'

WARNING in ./node_modules/@antv/scale/esm/utils/d3-time-nice.js
Module Warning (from ./node_modules/source-map-loader/dist/cjs.js):
Failed to parse source map from '/Users/user/FishStore_Mem/whiteslip-admin/node_modules/@antv/scale/esm/utils/src/utils/d3-time-nice.ts' file: Error: ENOENT: no such file or directory, open '/Users/user/FishStore_Mem/whiteslip-admin/node_modules/@antv/scale/esm/utils/src/utils/d3-time-nice.ts'

WARNING in ./node_modules/@antv/scale/esm/utils/find-tick-interval.js
Module Warning (from ./node_modules/source-map-loader/dist/cjs.js):
Failed to parse source map from '/Users/user/FishStore_Mem/whiteslip-admin/node_modules/@antv/scale/esm/utils/src/utils/find-tick-interval.ts' file: Error: ENOENT: no such file or directory, open '/Users/user/FishStore_Mem/whiteslip-admin/node_modules/@antv/scale/esm/utils/src/utils/find-tick-interval.ts'

WARNING in ./node_modules/@antv/scale/esm/utils/index.js
Module Warning (from ./node_modules/source-map-loader/dist/cjs.js):
Failed to parse source map from '/Users/user/FishStore_Mem/whiteslip-admin/node_modules/@antv/scale/esm/utils/src/utils/index.ts' file: Error: ENOENT: no such file or directory, open '/Users/user/FishStore_Mem/whiteslip-admin/node_modules/@antv/scale/esm/utils/src/utils/index.ts'

WARNING in ./node_modules/@antv/scale/esm/utils/internMap.js
Module Warning (from ./node_modules/source-map-loader/dist/cjs.js):
Failed to parse source map from '/Users/user/FishStore_Mem/whiteslip-admin/node_modules/@antv/scale/esm/utils/src/utils/internMap.ts' file: Error: ENOENT: no such file or directory, open '/Users/user/FishStore_Mem/whiteslip-admin/node_modules/@antv/scale/esm/utils/src/utils/internMap.ts'

WARNING in ./node_modules/@antv/scale/esm/utils/interpolate.js
Module Warning (from ./node_modules/source-map-loader/dist/cjs.js):
Failed to parse source map from '/Users/user/FishStore_Mem/whiteslip-admin/node_modules/@antv/scale/esm/utils/src/utils/interpolate.ts' file: Error: ENOENT: no such file or directory, open '/Users/user/FishStore_Mem/whiteslip-admin/node_modules/@antv/scale/esm/utils/src/utils/interpolate.ts'

WARNING in ./node_modules/@antv/scale/esm/utils/interpolatize.js
Module Warning (from ./node_modules/source-map-loader/dist/cjs.js):
Failed to parse source map from '/Users/user/FishStore_Mem/whiteslip-admin/node_modules/@antv/scale/esm/utils/src/utils/interpolatize.ts' file: Error: ENOENT: no such file or directory, open '/Users/user/FishStore_Mem/whiteslip-admin/node_modules/@antv/scale/esm/utils/src/utils/interpolatize.ts'

WARNING in ./node_modules/@antv/scale/esm/utils/is-valid.js
Module Warning (from ./node_modules/source-map-loader/dist/cjs.js):
Failed to parse source map from '/Users/user/FishStore_Mem/whiteslip-admin/node_modules/@antv/scale/esm/utils/src/utils/is-valid.ts' file: Error: ENOENT: no such file or directory, open '/Users/user/FishStore_Mem/whiteslip-admin/node_modules/@antv/scale/esm/utils/src/utils/is-valid.ts'

WARNING in ./node_modules/@antv/scale/esm/utils/log.js
Module Warning (from ./node_modules/source-map-loader/dist/cjs.js):
Failed to parse source map from '/Users/user/FishStore_Mem/whiteslip-admin/node_modules/@antv/scale/esm/utils/src/utils/log.ts' file: Error: ENOENT: no such file or directory, open '/Users/user/FishStore_Mem/whiteslip-admin/node_modules/@antv/scale/esm/utils/src/utils/log.ts'

WARNING in ./node_modules/@antv/scale/esm/utils/normalize.js
Module Warning (from ./node_modules/source-map-loader/dist/cjs.js):
Failed to parse source map from '/Users/user/FishStore_Mem/whiteslip-admin/node_modules/@antv/scale/esm/utils/src/utils/normalize.ts' file: Error: ENOENT: no such file or directory, open '/Users/user/FishStore_Mem/whiteslip-admin/node_modules/@antv/scale/esm/utils/src/utils/normalize.ts'

WARNING in ./node_modules/@antv/scale/esm/utils/pretty-number.js
Module Warning (from ./node_modules/source-map-loader/dist/cjs.js):
Failed to parse source map from '/Users/user/FishStore_Mem/whiteslip-admin/node_modules/@antv/scale/esm/utils/src/utils/pretty-number.ts' file: Error: ENOENT: no such file or directory, open '/Users/user/FishStore_Mem/whiteslip-admin/node_modules/@antv/scale/esm/utils/src/utils/pretty-number.ts'

WARNING in ./node_modules/@antv/scale/esm/utils/ticks.js
Module Warning (from ./node_modules/source-map-loader/dist/cjs.js):
Failed to parse source map from '/Users/user/FishStore_Mem/whiteslip-admin/node_modules/@antv/scale/esm/utils/src/utils/ticks.ts' file: Error: ENOENT: no such file or directory, open '/Users/user/FishStore_Mem/whiteslip-admin/node_modules/@antv/scale/esm/utils/src/utils/ticks.ts'

WARNING in ./node_modules/@antv/scale/esm/utils/time-interval.js
Module Warning (from ./node_modules/source-map-loader/dist/cjs.js):
Failed to parse source map from '/Users/user/FishStore_Mem/whiteslip-admin/node_modules/@antv/scale/esm/utils/src/utils/time-interval.ts' file: Error: ENOENT: no such file or directory, open '/Users/user/FishStore_Mem/whiteslip-admin/node_modules/@antv/scale/esm/utils/src/utils/time-interval.ts'

WARNING in ./node_modules/@antv/scale/esm/utils/utc-interval.js
Module Warning (from ./node_modules/source-map-loader/dist/cjs.js):
Failed to parse source map from '/Users/user/FishStore_Mem/whiteslip-admin/node_modules/@antv/scale/esm/utils/src/utils/utc-interval.ts' file: Error: ENOENT: no such file or directory, open '/Users/user/FishStore_Mem/whiteslip-admin/node_modules/@antv/scale/esm/utils/src/utils/utc-interval.ts'

WARNING in [eslint] 
src/pages/OrdersPage.tsx
  Line 67:6:  React Hook useEffect has missing dependencies: 'fetchOrders', 'searchForm', and 'today'. Either include them or remove the dependency array  react-hooks/exhaustive-deps

webpack compiled with 111 warnings
Files successfully emitted, waiting for typecheck results...
Issues checking in progress...
No issues found.
